<?xml version="1.0" encoding="UTF-8"?>
<!-- Generated by org.testng.reporters.JUnitXMLReporter -->
<testsuite hostname="user" ignored="0" name="Default test" tests="4" failures="0" timestamp="28 Oct 2019 09:14:09 GMT" time="0.078" errors="0">
  <testcase name="m1" time="0.012" classname="Diwalipackage.Diwaliclass"/>
  <testcase name="m2" time="0.003" classname="Diwalipackage.Diwaliclass"/>
  <testcase name="m3" time="0.002" classname="Diwalipackage.Diwaliclass"/>
  <testcase name="m4" time="0.004" classname="Diwalipackage.Diwaliclass"/>
</testsuite> <!-- Default test -->
