<?xml version="1.0" encoding="UTF-8"?>
<testng-results skipped="0" failed="0" ignored="0" total="4" passed="4">
  <reporter-output>
  </reporter-output>
  <suite name="Suite" duration-ms="49" started-at="2019-10-28T09:14:53Z" finished-at="2019-10-28T09:14:53Z">
    <groups>
    </groups>
    <test name="Test" duration-ms="49" started-at="2019-10-28T09:14:53Z" finished-at="2019-10-28T09:14:53Z">
      <class name="Diwalipackage.Diwaliclass">
        <test-method status="PASS" signature="m1()[pri:0, instance:Diwalipackage.Diwaliclass@1e7c7811]" name="m1" duration-ms="11" started-at="2019-10-28T09:14:53Z" finished-at="2019-10-28T09:14:53Z">
          <reporter-output>
          </reporter-output>
        </test-method> <!-- m1 -->
        <test-method status="PASS" signature="m2()[pri:0, instance:Diwalipackage.Diwaliclass@1e7c7811]" name="m2" duration-ms="2" started-at="2019-10-28T09:14:53Z" finished-at="2019-10-28T09:14:53Z">
          <reporter-output>
          </reporter-output>
        </test-method> <!-- m2 -->
        <test-method status="PASS" signature="m3()[pri:0, instance:Diwalipackage.Diwaliclass@1e7c7811]" name="m3" duration-ms="2" started-at="2019-10-28T09:14:53Z" finished-at="2019-10-28T09:14:53Z">
          <reporter-output>
          </reporter-output>
        </test-method> <!-- m3 -->
        <test-method status="PASS" signature="m4()[pri:0, instance:Diwalipackage.Diwaliclass@1e7c7811]" name="m4" duration-ms="2" started-at="2019-10-28T09:14:53Z" finished-at="2019-10-28T09:14:53Z">
          <reporter-output>
          </reporter-output>
        </test-method> <!-- m4 -->
      </class> <!-- Diwalipackage.Diwaliclass -->
    </test> <!-- Test -->
  </suite> <!-- Suite -->
</testng-results>
